29771262 reads; of these:
  29771262 (100.00%) were paired; of these:
    2564081 (8.61%) aligned concordantly 0 times
    21072416 (70.78%) aligned concordantly exactly 1 time
    6134765 (20.61%) aligned concordantly >1 times
    ----
    2564081 pairs aligned concordantly 0 times; of these:
      176804 (6.90%) aligned discordantly 1 time
    ----
    2387277 pairs aligned 0 times concordantly or discordantly; of these:
      4774554 mates make up the pairs; of these:
        3651785 (76.48%) aligned 0 times
        756504 (15.84%) aligned exactly 1 time
        366265 (7.67%) aligned >1 times
93.87% overall alignment rate
27598279 reads; of these:
  27598279 (100.00%) were paired; of these:
    1298564 (4.71%) aligned concordantly 0 times
    20559264 (74.49%) aligned concordantly exactly 1 time
    5740451 (20.80%) aligned concordantly >1 times
    ----
    1298564 pairs aligned concordantly 0 times; of these:
      171695 (13.22%) aligned discordantly 1 time
    ----
    1126869 pairs aligned 0 times concordantly or discordantly; of these:
      2253738 mates make up the pairs; of these:
        1460833 (64.82%) aligned 0 times
        506521 (22.47%) aligned exactly 1 time
        286384 (12.71%) aligned >1 times
97.35% overall alignment rate
31479390 reads; of these:
  31479390 (100.00%) were paired; of these:
    1429119 (4.54%) aligned concordantly 0 times
    22626535 (71.88%) aligned concordantly exactly 1 time
    7423736 (23.58%) aligned concordantly >1 times
    ----
    1429119 pairs aligned concordantly 0 times; of these:
      170199 (11.91%) aligned discordantly 1 time
    ----
    1258920 pairs aligned 0 times concordantly or discordantly; of these:
      2517840 mates make up the pairs; of these:
        1787044 (70.98%) aligned 0 times
        424831 (16.87%) aligned exactly 1 time
        305965 (12.15%) aligned >1 times
97.16% overall alignment rate
29771262 reads; of these:
  29771262 (100.00%) were paired; of these:
    2564081 (8.61%) aligned concordantly 0 times
    21072416 (70.78%) aligned concordantly exactly 1 time
    6134765 (20.61%) aligned concordantly >1 times
    ----
    2564081 pairs aligned concordantly 0 times; of these:
      176804 (6.90%) aligned discordantly 1 time
    ----
    2387277 pairs aligned 0 times concordantly or discordantly; of these:
      4774554 mates make up the pairs; of these:
        3651785 (76.48%) aligned 0 times
        756504 (15.84%) aligned exactly 1 time
        366265 (7.67%) aligned >1 times
93.87% overall alignment rate
27598279 reads; of these:
  27598279 (100.00%) were paired; of these:
    1298564 (4.71%) aligned concordantly 0 times
    20559264 (74.49%) aligned concordantly exactly 1 time
    5740451 (20.80%) aligned concordantly >1 times
    ----
    1298564 pairs aligned concordantly 0 times; of these:
      171695 (13.22%) aligned discordantly 1 time
    ----
    1126869 pairs aligned 0 times concordantly or discordantly; of these:
      2253738 mates make up the pairs; of these:
        1460833 (64.82%) aligned 0 times
        506521 (22.47%) aligned exactly 1 time
        286384 (12.71%) aligned >1 times
97.35% overall alignment rate
31479390 reads; of these:
  31479390 (100.00%) were paired; of these:
    1429119 (4.54%) aligned concordantly 0 times
    22626535 (71.88%) aligned concordantly exactly 1 time
    7423736 (23.58%) aligned concordantly >1 times
    ----
    1429119 pairs aligned concordantly 0 times; of these:
      170199 (11.91%) aligned discordantly 1 time
    ----
    1258920 pairs aligned 0 times concordantly or discordantly; of these:
      2517840 mates make up the pairs; of these:
        1787044 (70.98%) aligned 0 times
        424831 (16.87%) aligned exactly 1 time
        305965 (12.15%) aligned >1 times
97.16% overall alignment rate
