32227905 reads; of these:
  32227905 (100.00%) were paired; of these:
    2422843 (7.52%) aligned concordantly 0 times
    23078461 (71.61%) aligned concordantly exactly 1 time
    6726601 (20.87%) aligned concordantly >1 times
    ----
    2422843 pairs aligned concordantly 0 times; of these:
      135998 (5.61%) aligned discordantly 1 time
    ----
    2286845 pairs aligned 0 times concordantly or discordantly; of these:
      4573690 mates make up the pairs; of these:
        3759135 (82.19%) aligned 0 times
        529342 (11.57%) aligned exactly 1 time
        285213 (6.24%) aligned >1 times
94.17% overall alignment rate
29151103 reads; of these:
  29151103 (100.00%) were paired; of these:
    1581190 (5.42%) aligned concordantly 0 times
    21422437 (73.49%) aligned concordantly exactly 1 time
    6147476 (21.09%) aligned concordantly >1 times
    ----
    1581190 pairs aligned concordantly 0 times; of these:
      145807 (9.22%) aligned discordantly 1 time
    ----
    1435383 pairs aligned 0 times concordantly or discordantly; of these:
      2870766 mates make up the pairs; of these:
        1895063 (66.01%) aligned 0 times
        667824 (23.26%) aligned exactly 1 time
        307879 (10.72%) aligned >1 times
96.75% overall alignment rate
27003486 reads; of these:
  27003486 (100.00%) were paired; of these:
    2287348 (8.47%) aligned concordantly 0 times
    18774347 (69.53%) aligned concordantly exactly 1 time
    5941791 (22.00%) aligned concordantly >1 times
    ----
    2287348 pairs aligned concordantly 0 times; of these:
      152315 (6.66%) aligned discordantly 1 time
    ----
    2135033 pairs aligned 0 times concordantly or discordantly; of these:
      4270066 mates make up the pairs; of these:
        3270920 (76.60%) aligned 0 times
        650286 (15.23%) aligned exactly 1 time
        348860 (8.17%) aligned >1 times
93.94% overall alignment rate
32227905 reads; of these:
  32227905 (100.00%) were paired; of these:
    2422843 (7.52%) aligned concordantly 0 times
    23078461 (71.61%) aligned concordantly exactly 1 time
    6726601 (20.87%) aligned concordantly >1 times
    ----
    2422843 pairs aligned concordantly 0 times; of these:
      135998 (5.61%) aligned discordantly 1 time
    ----
    2286845 pairs aligned 0 times concordantly or discordantly; of these:
      4573690 mates make up the pairs; of these:
        3759135 (82.19%) aligned 0 times
        529342 (11.57%) aligned exactly 1 time
        285213 (6.24%) aligned >1 times
94.17% overall alignment rate
29151103 reads; of these:
  29151103 (100.00%) were paired; of these:
    1581190 (5.42%) aligned concordantly 0 times
    21422437 (73.49%) aligned concordantly exactly 1 time
    6147476 (21.09%) aligned concordantly >1 times
    ----
    1581190 pairs aligned concordantly 0 times; of these:
      145807 (9.22%) aligned discordantly 1 time
    ----
    1435383 pairs aligned 0 times concordantly or discordantly; of these:
      2870766 mates make up the pairs; of these:
        1895063 (66.01%) aligned 0 times
        667824 (23.26%) aligned exactly 1 time
        307879 (10.72%) aligned >1 times
96.75% overall alignment rate
27003486 reads; of these:
  27003486 (100.00%) were paired; of these:
    2287348 (8.47%) aligned concordantly 0 times
    18774347 (69.53%) aligned concordantly exactly 1 time
    5941791 (22.00%) aligned concordantly >1 times
    ----
    2287348 pairs aligned concordantly 0 times; of these:
      152315 (6.66%) aligned discordantly 1 time
    ----
    2135033 pairs aligned 0 times concordantly or discordantly; of these:
      4270066 mates make up the pairs; of these:
        3270920 (76.60%) aligned 0 times
        650286 (15.23%) aligned exactly 1 time
        348860 (8.17%) aligned >1 times
93.94% overall alignment rate
