33212932 reads; of these:
  33212932 (100.00%) were paired; of these:
    1534102 (4.62%) aligned concordantly 0 times
    20501750 (61.73%) aligned concordantly exactly 1 time
    11177080 (33.65%) aligned concordantly >1 times
    ----
    1534102 pairs aligned concordantly 0 times; of these:
      142577 (9.29%) aligned discordantly 1 time
    ----
    1391525 pairs aligned 0 times concordantly or discordantly; of these:
      2783050 mates make up the pairs; of these:
        1805995 (64.89%) aligned 0 times
        501474 (18.02%) aligned exactly 1 time
        475581 (17.09%) aligned >1 times
97.28% overall alignment rate
31538301 reads; of these:
  31538301 (100.00%) were paired; of these:
    2375543 (7.53%) aligned concordantly 0 times
    21853000 (69.29%) aligned concordantly exactly 1 time
    7309758 (23.18%) aligned concordantly >1 times
    ----
    2375543 pairs aligned concordantly 0 times; of these:
      148847 (6.27%) aligned discordantly 1 time
    ----
    2226696 pairs aligned 0 times concordantly or discordantly; of these:
      4453392 mates make up the pairs; of these:
        3454402 (77.57%) aligned 0 times
        613471 (13.78%) aligned exactly 1 time
        385519 (8.66%) aligned >1 times
94.52% overall alignment rate
26661752 reads; of these:
  26661752 (100.00%) were paired; of these:
    1583826 (5.94%) aligned concordantly 0 times
    18269738 (68.52%) aligned concordantly exactly 1 time
    6808188 (25.54%) aligned concordantly >1 times
    ----
    1583826 pairs aligned concordantly 0 times; of these:
      194812 (12.30%) aligned discordantly 1 time
    ----
    1389014 pairs aligned 0 times concordantly or discordantly; of these:
      2778028 mates make up the pairs; of these:
        1726311 (62.14%) aligned 0 times
        626741 (22.56%) aligned exactly 1 time
        424976 (15.30%) aligned >1 times
96.76% overall alignment rate
33212932 reads; of these:
  33212932 (100.00%) were paired; of these:
    1534102 (4.62%) aligned concordantly 0 times
    20501750 (61.73%) aligned concordantly exactly 1 time
    11177080 (33.65%) aligned concordantly >1 times
    ----
    1534102 pairs aligned concordantly 0 times; of these:
      142577 (9.29%) aligned discordantly 1 time
    ----
    1391525 pairs aligned 0 times concordantly or discordantly; of these:
      2783050 mates make up the pairs; of these:
        1805995 (64.89%) aligned 0 times
        501474 (18.02%) aligned exactly 1 time
        475581 (17.09%) aligned >1 times
97.28% overall alignment rate
31538301 reads; of these:
  31538301 (100.00%) were paired; of these:
    2375543 (7.53%) aligned concordantly 0 times
    21853000 (69.29%) aligned concordantly exactly 1 time
    7309758 (23.18%) aligned concordantly >1 times
    ----
    2375543 pairs aligned concordantly 0 times; of these:
      148847 (6.27%) aligned discordantly 1 time
    ----
    2226696 pairs aligned 0 times concordantly or discordantly; of these:
      4453392 mates make up the pairs; of these:
        3454402 (77.57%) aligned 0 times
        613471 (13.78%) aligned exactly 1 time
        385519 (8.66%) aligned >1 times
94.52% overall alignment rate
26661752 reads; of these:
  26661752 (100.00%) were paired; of these:
    1583826 (5.94%) aligned concordantly 0 times
    18269738 (68.52%) aligned concordantly exactly 1 time
    6808188 (25.54%) aligned concordantly >1 times
    ----
    1583826 pairs aligned concordantly 0 times; of these:
      194812 (12.30%) aligned discordantly 1 time
    ----
    1389014 pairs aligned 0 times concordantly or discordantly; of these:
      2778028 mates make up the pairs; of these:
        1726311 (62.14%) aligned 0 times
        626741 (22.56%) aligned exactly 1 time
        424976 (15.30%) aligned >1 times
96.76% overall alignment rate
